{"/Users/jigar/Code/DataBridge/backend/src/index.js": {"path":"/Users/jigar/Code/DataBridge/backend/src/index.js","statementMap":{"0":{"start":{"line":1,"column":0},"end":{"line":1,"column":27}},"1":{"start":{"line":2,"column":16},"end":{"line":2,"column":34}},"2":{"start":{"line":3,"column":13},"end":{"line":3,"column":28}},"3":{"start":{"line":4,"column":15},"end":{"line":4,"column":32}},"4":{"start":{"line":5,"column":15},"end":{"line":5,"column":32}},"5":{"start":{"line":6,"column":18},"end":{"line":6,"column":40}},"6":{"start":{"line":7,"column":21},"end":{"line":7,"column":49}},"7":{"start":{"line":8,"column":21},"end":{"line":8,"column":57}},"8":{"start":{"line":9,"column":19},"end":{"line":9,"column":49}},"9":{"start":{"line":11,"column":0},"end":{"line":11,"column":12}},"10":{"start":{"line":13,"column":12},"end":{"line":13,"column":21}},"11":{"start":{"line":15,"column":0},"end":{"line":15,"column":16}},"12":{"start":{"line":16,"column":0},"end":{"line":16,"column":18}},"13":{"start":{"line":17,"column":0},"end":{"line":17,"column":24}},"14":{"start":{"line":18,"column":0},"end":{"line":18,"column":23}},"15":{"start":{"line":20,"column":0},"end":{"line":20,"column":48}},"16":{"start":{"line":22,"column":0},"end":{"line":24,"column":3}},"17":{"start":{"line":23,"column":2},"end":{"line":23,"column":41}},"18":{"start":{"line":26,"column":0},"end":{"line":26,"column":22}},"19":{"start":{"line":28,"column":13},"end":{"line":28,"column":37}},"20":{"start":{"line":29,"column":0},"end":{"line":29,"column":102}},"21":{"start":{"line":29,"column":23},"end":{"line":29,"column":100}}},"fnMap":{"0":{"name":"(anonymous_0)","decl":{"start":{"line":22,"column":19},"end":{"line":22,"column":20}},"loc":{"start":{"line":22,"column":33},"end":{"line":24,"column":1}},"line":22},"1":{"name":"(anonymous_1)","decl":{"start":{"line":29,"column":17},"end":{"line":29,"column":18}},"loc":{"start":{"line":29,"column":23},"end":{"line":29,"column":100}},"line":29}},"branchMap":{"0":{"loc":{"start":{"line":28,"column":13},"end":{"line":28,"column":37}},"type":"binary-expr","locations":[{"start":{"line":28,"column":13},"end":{"line":28,"column":29}},{"start":{"line":28,"column":33},"end":{"line":28,"column":37}}],"line":28}},"s":{"0":0,"1":0,"2":0,"3":0,"4":0,"5":0,"6":0,"7":0,"8":0,"9":0,"10":0,"11":0,"12":0,"13":0,"14":0,"15":0,"16":0,"17":0,"18":0,"19":0,"20":0,"21":0},"f":{"0":0,"1":0},"b":{"0":[0,0]}}
,"/Users/jigar/Code/DataBridge/backend/src/config/db.js": {"path":"/Users/jigar/Code/DataBridge/backend/src/config/db.js","statementMap":{"0":{"start":{"line":1,"column":17},"end":{"line":1,"column":36}},"1":{"start":{"line":3,"column":18},"end":{"line":11,"column":1}},"2":{"start":{"line":4,"column":2},"end":{"line":10,"column":3}},"3":{"start":{"line":5,"column":17},"end":{"line":5,"column":64}},"4":{"start":{"line":6,"column":4},"end":{"line":6,"column":62}},"5":{"start":{"line":8,"column":4},"end":{"line":8,"column":45}},"6":{"start":{"line":9,"column":4},"end":{"line":9,"column":20}},"7":{"start":{"line":13,"column":0},"end":{"line":13,"column":27}}},"fnMap":{"0":{"name":"(anonymous_0)","decl":{"start":{"line":3,"column":18},"end":{"line":3,"column":19}},"loc":{"start":{"line":3,"column":30},"end":{"line":11,"column":1}},"line":3}},"branchMap":{},"s":{"0":0,"1":0,"2":0,"3":0,"4":0,"5":0,"6":0,"7":0},"f":{"0":0},"b":{}}
,"/Users/jigar/Code/DataBridge/backend/src/middleware/auth.js": {"path":"/Users/jigar/Code/DataBridge/backend/src/middleware/auth.js","statementMap":{"0":{"start":{"line":1,"column":21},"end":{"line":7,"column":1}},"1":{"start":{"line":3,"column":2},"end":{"line":3,"column":55}},"2":{"start":{"line":5,"column":2},"end":{"line":5,"column":53}},"3":{"start":{"line":6,"column":2},"end":{"line":6,"column":9}},"4":{"start":{"line":9,"column":0},"end":{"line":9,"column":30}}},"fnMap":{"0":{"name":"(anonymous_0)","decl":{"start":{"line":1,"column":21},"end":{"line":1,"column":22}},"loc":{"start":{"line":1,"column":41},"end":{"line":7,"column":1}},"line":1}},"branchMap":{},"s":{"0":0,"1":0,"2":0,"3":0,"4":0},"f":{"0":0},"b":{}}
,"/Users/jigar/Code/DataBridge/backend/src/middleware/errorHandler.js": {"path":"/Users/jigar/Code/DataBridge/backend/src/middleware/errorHandler.js","statementMap":{"0":{"start":{"line":1,"column":21},"end":{"line":12,"column":1}},"1":{"start":{"line":2,"column":2},"end":{"line":2,"column":27}},"2":{"start":{"line":4,"column":21},"end":{"line":4,"column":42}},"3":{"start":{"line":5,"column":18},"end":{"line":5,"column":56}},"4":{"start":{"line":7,"column":2},"end":{"line":11,"column":5}},"5":{"start":{"line":14,"column":0},"end":{"line":14,"column":30}}},"fnMap":{"0":{"name":"(anonymous_0)","decl":{"start":{"line":1,"column":21},"end":{"line":1,"column":22}},"loc":{"start":{"line":1,"column":46},"end":{"line":12,"column":1}},"line":1}},"branchMap":{"0":{"loc":{"start":{"line":4,"column":21},"end":{"line":4,"column":42}},"type":"binary-expr","locations":[{"start":{"line":4,"column":21},"end":{"line":4,"column":35}},{"start":{"line":4,"column":39},"end":{"line":4,"column":42}}],"line":4},"1":{"loc":{"start":{"line":5,"column":18},"end":{"line":5,"column":56}},"type":"binary-expr","locations":[{"start":{"line":5,"column":18},"end":{"line":5,"column":29}},{"start":{"line":5,"column":33},"end":{"line":5,"column":56}}],"line":5},"2":{"loc":{"start":{"line":10,"column":11},"end":{"line":10,"column":73}},"type":"cond-expr","locations":[{"start":{"line":10,"column":52},"end":{"line":10,"column":61}},{"start":{"line":10,"column":64},"end":{"line":10,"column":73}}],"line":10}},"s":{"0":0,"1":0,"2":0,"3":0,"4":0,"5":0},"f":{"0":0},"b":{"0":[0,0],"1":[0,0],"2":[0,0]}}
,"/Users/jigar/Code/DataBridge/backend/src/middleware/upload.js": {"path":"/Users/jigar/Code/DataBridge/backend/src/middleware/upload.js","statementMap":{"0":{"start":{"line":1,"column":15},"end":{"line":1,"column":32}},"1":{"start":{"line":4,"column":16},"end":{"line":4,"column":38}},"2":{"start":{"line":6,"column":15},"end":{"line":13,"column":2}},"3":{"start":{"line":11,"column":4},"end":{"line":11,"column":19}},"4":{"start":{"line":15,"column":0},"end":{"line":15,"column":24}}},"fnMap":{"0":{"name":"(anonymous_0)","decl":{"start":{"line":9,"column":14},"end":{"line":9,"column":15}},"loc":{"start":{"line":9,"column":33},"end":{"line":12,"column":3}},"line":9}},"branchMap":{},"s":{"0":0,"1":0,"2":0,"3":0,"4":0},"f":{"0":0},"b":{}}
,"/Users/jigar/Code/DataBridge/backend/src/models/AnomalyReport.js": {"path":"/Users/jigar/Code/DataBridge/backend/src/models/AnomalyReport.js","statementMap":{"0":{"start":{"line":1,"column":17},"end":{"line":1,"column":36}},"1":{"start":{"line":3,"column":28},"end":{"line":47,"column":2}},"2":{"start":{"line":49,"column":0},"end":{"line":49,"column":70}}},"fnMap":{},"branchMap":{},"s":{"0":0,"1":0,"2":0},"f":{},"b":{}}
,"/Users/jigar/Code/DataBridge/backend/src/models/MappingDictionary.js": {"path":"/Users/jigar/Code/DataBridge/backend/src/models/MappingDictionary.js","statementMap":{"0":{"start":{"line":1,"column":17},"end":{"line":1,"column":36}},"1":{"start":{"line":3,"column":27},"end":{"line":9,"column":2}},"2":{"start":{"line":11,"column":32},"end":{"line":40,"column":2}},"3":{"start":{"line":42,"column":0},"end":{"line":46,"column":2}},"4":{"start":{"line":43,"column":2},"end":{"line":43,"column":20}},"5":{"start":{"line":44,"column":2},"end":{"line":44,"column":31}},"6":{"start":{"line":45,"column":2},"end":{"line":45,"column":21}},"7":{"start":{"line":48,"column":0},"end":{"line":48,"column":78}}},"fnMap":{"0":{"name":"(anonymous_0)","decl":{"start":{"line":42,"column":49},"end":{"line":42,"column":50}},"loc":{"start":{"line":42,"column":60},"end":{"line":46,"column":1}},"line":42}},"branchMap":{},"s":{"0":0,"1":0,"2":0,"3":0,"4":0,"5":0,"6":0,"7":0},"f":{"0":0},"b":{}}
,"/Users/jigar/Code/DataBridge/backend/src/models/ProcessedData.js": {"path":"/Users/jigar/Code/DataBridge/backend/src/models/ProcessedData.js","statementMap":{"0":{"start":{"line":1,"column":17},"end":{"line":1,"column":36}},"1":{"start":{"line":3,"column":28},"end":{"line":31,"column":2}},"2":{"start":{"line":33,"column":0},"end":{"line":33,"column":70}}},"fnMap":{},"branchMap":{},"s":{"0":0,"1":0,"2":0},"f":{},"b":{}}
,"/Users/jigar/Code/DataBridge/backend/src/models/RawFile.js": {"path":"/Users/jigar/Code/DataBridge/backend/src/models/RawFile.js","statementMap":{"0":{"start":{"line":1,"column":17},"end":{"line":1,"column":36}},"1":{"start":{"line":3,"column":22},"end":{"line":32,"column":2}},"2":{"start":{"line":34,"column":0},"end":{"line":34,"column":58}}},"fnMap":{},"branchMap":{},"s":{"0":0,"1":0,"2":0},"f":{},"b":{}}
,"/Users/jigar/Code/DataBridge/backend/src/routes/fileRoutes.js": {"path":"/Users/jigar/Code/DataBridge/backend/src/routes/fileRoutes.js","statementMap":{"0":{"start":{"line":1,"column":16},"end":{"line":1,"column":34}},"1":{"start":{"line":2,"column":15},"end":{"line":2,"column":46}},"2":{"start":{"line":3,"column":23},"end":{"line":3,"column":63}},"3":{"start":{"line":5,"column":15},"end":{"line":5,"column":31}},"4":{"start":{"line":7,"column":0},"end":{"line":7,"column":58}},"5":{"start":{"line":9,"column":0},"end":{"line":9,"column":24}}},"fnMap":{},"branchMap":{},"s":{"0":0,"1":0,"2":0,"3":0,"4":0,"5":0},"f":{},"b":{}}
}
